<?xml version="1.0" encoding="UTF-8"?>
<!-- Generated by org.testng.reporters.JUnitReportReporter -->
<testsuite hostname="MSBS-Safa" failures="0" tests="2" name="automation.SmartBuy" time="6.492" errors="0" timestamp="2022-11-28T09:53:51 GMT+03:00" skipped="0">
  <testcase classname="automation.SmartBuy" name="Test_Adding_item_SAMSUNG_50_inch" time="6.426"/>
  <system-out/>
  <testcase classname="automation.SmartBuy" name="we_need_to_check_the_correct_price" time="0.066"/>
  <system-out/>
</testsuite> <!-- automation.SmartBuy -->
