<?xml version="1.0" encoding="UTF-8"?>
<!-- Generated by org.testng.reporters.JUnitReportReporter -->
<testsuite hostname="MSBS-Safa" failures="0" tests="3" name="automation.Call_Test_Cases" time="4.366" errors="0" timestamp="2022-11-17T11:37:03 GMT+03:00" skipped="0">
  <testcase classname="automation.Call_Test_Cases" name="Test_The_Title" time="0.015"/>
  <system-out/>
  <testcase classname="automation.Call_Test_Cases" name="Test_The_existance_of_the_user_name" time="0.001"/>
  <system-out/>
  <testcase classname="automation.Call_Test_Cases" name="Test_The_log_out" time="4.350"/>
  <system-out/>
</testsuite> <!-- automation.Call_Test_Cases -->
