<?xml version="1.0" encoding="UTF-8"?>
<!-- Generated by org.testng.reporters.JUnitReportReporter -->
<testsuite hostname="MSBS-Safa" failures="0" tests="1" name="automation.HTML" time="0.244" errors="0" timestamp="2022-11-22T10:57:18 GMT+03:00" skipped="0">
  <testcase classname="automation.HTML" name="sort_items_low_to_high" time="0.244"/>
  <system-out/>
</testsuite> <!-- automation.HTML -->
