<?xml version="1.0" encoding="UTF-8"?>
<!-- Generated by org.testng.reporters.JUnitReportReporter -->
<testsuite hostname="MSBS-Safa" failures="0" tests="1" name="automation.Sorting_test" time="0.290" errors="0" timestamp="2022-11-27T15:18:06 GMT+03:00" skipped="0">
  <testcase classname="automation.Sorting_test" name="sort_items_low_to_high" time="0.290"/>
  <system-out/>
</testsuite> <!-- automation.Sorting_test -->
